<?xml version="1.0" encoding="UTF-8"?>
<testng-results ignored="0" total="1" passed="1" failed="0" skipped="0">
  <reporter-output>
  </reporter-output>
  <suite started-at="2025-07-31T21:43:54 IST" name="Suite" finished-at="2025-07-31T21:44:09 IST" duration-ms="15765">
    <groups>
    </groups>
    <test started-at="2025-07-31T21:43:54 IST" name="Test" finished-at="2025-07-31T21:44:09 IST" duration-ms="15765">
      <class name="PageFactoryPOM.LoginPageTest">
        <test-method is-config="true" signature="setup()[pri:0, instance:PageFactoryPOM.LoginPageTest@10feca44]" started-at="2025-07-31T21:43:54 IST" name="setup" finished-at="2025-07-31T21:44:01 IST" duration-ms="6801" status="PASS">
          <reporter-output>
          </reporter-output>
        </test-method> <!-- setup -->
        <test-method signature="testLogin()[pri:0, instance:PageFactoryPOM.LoginPageTest@10feca44]" started-at="2025-07-31T21:44:01 IST" name="testLogin" finished-at="2025-07-31T21:44:08 IST" duration-ms="6935" status="PASS">
          <reporter-output>
          </reporter-output>
        </test-method> <!-- testLogin -->
        <test-method is-config="true" signature="tearDown()[pri:0, instance:PageFactoryPOM.LoginPageTest@10feca44]" started-at="2025-07-31T21:44:08 IST" name="tearDown" finished-at="2025-07-31T21:44:09 IST" duration-ms="1912" status="PASS">
          <reporter-output>
          </reporter-output>
        </test-method> <!-- tearDown -->
      </class> <!-- PageFactoryPOM.LoginPageTest -->
    </test> <!-- Test -->
  </suite> <!-- Suite -->
</testng-results>
